This is pdfTeX, Version 3.141592653-2.6-1.40.22 (TeX Live 2021) (preloaded format=pdflatex 2021.5.21)  7 JAN 2023 21:54
entering extended mode
 restricted \write18 enabled.
 %&-line parsing enabled.
**../../documents/lectures/winter_2023/website_notes/online_rl/joint_notes.tex
(../../documents/lectures/winter_2023/website_notes/online_rl/joint_notes.tex
LaTeX2e <2020-10-01> patch level 4
L3 programming layer <2021-02-18>
(/usr/local/texlive/2021/texmf-dist/tex/latex/base/article.cls
Document Class: article 2020/04/10 v1.4m Standard LaTeX document class
(/usr/local/texlive/2021/texmf-dist/tex/latex/base/size10.clo
File: size10.clo 2020/04/10 v1.4m Standard LaTeX file (size option)
)
\c@part=\count179
\c@section=\count180
\c@subsection=\count181
\c@subsubsection=\count182
\c@paragraph=\count183
\c@subparagraph=\count184
\c@figure=\count185
\c@table=\count186
\abovecaptionskip=\skip47
\belowcaptionskip=\skip48
\bibindent=\dimen138
)
(/usr/local/texlive/2021/texmf-dist/tex/latex/pdfpages/pdfpages.sty
Package: pdfpages 2021/03/06 v0.5t Insert pages of external PDF documents (AM)

(/usr/local/texlive/2021/texmf-dist/tex/latex/base/ifthen.sty
Package: ifthen 2014/09/29 v1.1c Standard LaTeX ifthen package (DPC)
)
(/usr/local/texlive/2021/texmf-dist/tex/latex/tools/calc.sty
Package: calc 2017/05/25 v4.3 Infix arithmetic (KKT,FJ)
\calc@Acount=\count187
\calc@Bcount=\count188
\calc@Adimen=\dimen139
\calc@Bdimen=\dimen140
\calc@Askip=\skip49
\calc@Bskip=\skip50
LaTeX Info: Redefining \setlength on input line 80.
LaTeX Info: Redefining \addtolength on input line 81.
\calc@Ccount=\count189
\calc@Cskip=\skip51
)
(/usr/local/texlive/2021/texmf-dist/tex/latex/eso-pic/eso-pic.sty
Package: eso-pic 2020/10/14 v3.0a eso-pic (RN)
\ESO@tempdima=\dimen141
\ESO@tempdimb=\dimen142

(/usr/local/texlive/2021/texmf-dist/tex/latex/graphics/keyval.sty
Package: keyval 2014/10/28 v1.15 key=value parser (DPC)
\KV@toks@=\toks15
)
(/usr/local/texlive/2021/texmf-dist/tex/latex/xcolor/xcolor.sty
Package: xcolor 2016/05/11 v2.12 LaTeX color extensions (UK)

(/usr/local/texlive/2021/texmf-dist/tex/latex/graphics-cfg/color.cfg
File: color.cfg 2016/01/02 v1.6 sample color configuration
)
Package xcolor Info: Driver file: pdftex.def on input line 225.

(/usr/local/texlive/2021/texmf-dist/tex/latex/graphics-def/pdftex.def
File: pdftex.def 2020/10/05 v1.2a Graphics/color driver for pdftex
)
Package xcolor Info: Model `cmy' substituted by `cmy0' on input line 1348.
Package xcolor Info: Model `hsb' substituted by `rgb' on input line 1352.
Package xcolor Info: Model `RGB' extended on input line 1364.
Package xcolor Info: Model `HTML' substituted by `rgb' on input line 1366.
Package xcolor Info: Model `Hsb' substituted by `hsb' on input line 1367.
Package xcolor Info: Model `tHsb' substituted by `hsb' on input line 1368.
Package xcolor Info: Model `HSB' substituted by `hsb' on input line 1369.
Package xcolor Info: Model `Gray' substituted by `gray' on input line 1370.
Package xcolor Info: Model `wave' substituted by `hsb' on input line 1371.
))
(/usr/local/texlive/2021/texmf-dist/tex/latex/graphics/graphicx.sty
Package: graphicx 2020/09/09 v1.2b Enhanced LaTeX Graphics (DPC,SPQR)

(/usr/local/texlive/2021/texmf-dist/tex/latex/graphics/graphics.sty
Package: graphics 2020/08/30 v1.4c Standard LaTeX Graphics (DPC,SPQR)

(/usr/local/texlive/2021/texmf-dist/tex/latex/graphics/trig.sty
Package: trig 2016/01/03 v1.10 sin cos tan (DPC)
)
(/usr/local/texlive/2021/texmf-dist/tex/latex/graphics-cfg/graphics.cfg
File: graphics.cfg 2016/06/04 v1.11 sample graphics configuration
)
Package graphics Info: Driver file: pdftex.def on input line 105.
)
\Gin@req@height=\dimen143
\Gin@req@width=\dimen144
)
\AM@pagewidth=\dimen145
\AM@pageheight=\dimen146
\AM@fboxrule=\dimen147

(/usr/local/texlive/2021/texmf-dist/tex/latex/pdfpages/pppdftex.def
File: pppdftex.def 2021/03/06 v0.5t Pdfpages driver for pdfTeX (AM)
)
\pdfpages@includegraphics@status=\count190
\AM@pagebox=\box47
\AM@global@opts=\toks16
\AM@pagecnt=\count191
\AM@toc@title=\toks17
\c@AM@survey=\count192
\AM@templatesizebox=\box48
)
(/usr/local/texlive/2021/texmf-dist/tex/latex/l3backend/l3backend-pdftex.def
File: l3backend-pdftex.def 2021-03-18 L3 backend support: PDF output (pdfTeX)
\l__color_backend_stack_int=\count193
\l__pdf_internal_box=\box49
)
No file joint_notes.aux.
\openout1 = `joint_notes.aux'.

LaTeX Font Info:    Checking defaults for OML/cmm/m/it on input line 3.
LaTeX Font Info:    ... okay on input line 3.
LaTeX Font Info:    Checking defaults for OMS/cmsy/m/n on input line 3.
LaTeX Font Info:    ... okay on input line 3.
LaTeX Font Info:    Checking defaults for OT1/cmr/m/n on input line 3.
LaTeX Font Info:    ... okay on input line 3.
LaTeX Font Info:    Checking defaults for T1/cmr/m/n on input line 3.
LaTeX Font Info:    ... okay on input line 3.
LaTeX Font Info:    Checking defaults for TS1/cmr/m/n on input line 3.
LaTeX Font Info:    ... okay on input line 3.
LaTeX Font Info:    Checking defaults for OMX/cmex/m/n on input line 3.
LaTeX Font Info:    ... okay on input line 3.
LaTeX Font Info:    Checking defaults for U/cmr/m/n on input line 3.
LaTeX Font Info:    ... okay on input line 3.
(/usr/local/texlive/2021/texmf-dist/tex/context/base/mkii/supp-pdf.mkii
[Loading MPS to PDF converter (version 2006.09.02).]
\scratchcounter=\count194
\scratchdimen=\dimen148
\scratchbox=\box50
\nofMPsegments=\count195
\nofMParguments=\count196
\everyMPshowfont=\toks18
\MPscratchCnt=\count197
\MPscratchDim=\dimen149
\MPnumerator=\count198
\makeMPintoPDFobject=\count199
\everyMPtoPDFconversion=\toks19
) (/usr/local/texlive/2021/texmf-dist/tex/latex/epstopdf-pkg/epstopdf-base.sty
Package: epstopdf-base 2020-01-24 v2.11 Base part for package epstopdf
Package epstopdf-base Info: Redefining graphics rule for `.eps' on input line 4
85.

(/usr/local/texlive/2021/texmf-dist/tex/latex/latexconfig/epstopdf-sys.cfg
File: epstopdf-sys.cfg 2010/07/13 v1.3 Configuration of (r)epstopdf for TeX Liv
e
))
(/usr/local/texlive/2021/texmf-dist/tex/latex/pdflscape/pdflscape.sty
Package: pdflscape 2019/12/05 v0.12 Display of landscape pages in PDF (HO)

(/usr/local/texlive/2021/texmf-dist/tex/generic/iftex/iftex.sty
Package: iftex 2020/03/06 v1.0d TeX engine tests
)
(/usr/local/texlive/2021/texmf-dist/tex/latex/graphics/lscape.sty
Package: lscape 2020/05/28 v3.02 Landscape Pages (DPC)
)
Package pdflscape Info: Auto-detected driver: pdftex on input line 81.
)
<lec22.pdf, id=1, 614.295pt x 794.97pt>
File: lec22.pdf Graphic file (type pdf)
<use lec22.pdf>
Package pdftex.def Info: lec22.pdf  used on input line 4.
(pdftex.def)             Requested size: 614.29349pt x 794.96806pt.
File: lec22.pdf Graphic file (type pdf)
<use lec22.pdf>
Package pdftex.def Info: lec22.pdf  used on input line 4.
(pdftex.def)             Requested size: 614.29349pt x 794.96806pt.
<lec22.pdf, id=4, page=1, 614.295pt x 794.97pt>
File: lec22.pdf Graphic file (type pdf)
<use lec22.pdf, page 1>
Package pdftex.def Info: lec22.pdf , page1 used on input line 4.
(pdftex.def)             Requested size: 614.29349pt x 794.96806pt.
File: lec22.pdf Graphic file (type pdf)
<use lec22.pdf, page 1>
Package pdftex.def Info: lec22.pdf , page1 used on input line 4.
(pdftex.def)             Requested size: 614.58406pt x 795.3441pt.
File: lec22.pdf Graphic file (type pdf)
<use lec22.pdf, page 1>
Package pdftex.def Info: lec22.pdf , page1 used on input line 4.
(pdftex.def)             Requested size: 614.58406pt x 795.3441pt.
File: lec22.pdf Graphic file (type pdf)
<use lec22.pdf, page 1>
Package pdftex.def Info: lec22.pdf , page1 used on input line 4.
(pdftex.def)             Requested size: 614.58406pt x 795.3441pt.
File: lec22.pdf Graphic file (type pdf)
<use lec22.pdf, page 1>
Package pdftex.def Info: lec22.pdf , page1 used on input line 4.
(pdftex.def)             Requested size: 614.58406pt x 795.3441pt.
 [1

 <../../documents/lectures/winter_2023/website_notes/online_rl/lec22.pdf>]
<lec22.pdf, id=27, page=2, 614.295pt x 794.97pt>
File: lec22.pdf Graphic file (type pdf)
<use lec22.pdf, page 2>
Package pdftex.def Info: lec22.pdf , page2 used on input line 4.
(pdftex.def)             Requested size: 614.58406pt x 795.3441pt.
File: lec22.pdf Graphic file (type pdf)
<use lec22.pdf, page 2>
Package pdftex.def Info: lec22.pdf , page2 used on input line 4.
(pdftex.def)             Requested size: 614.58406pt x 795.3441pt.
File: lec22.pdf Graphic file (type pdf)
<use lec22.pdf, page 2>
Package pdftex.def Info: lec22.pdf , page2 used on input line 4.
(pdftex.def)             Requested size: 614.58406pt x 795.3441pt.
 [2 <../../documents/lectures/winter_2023/website_notes/online_rl/lec22.pdf>]
<lec22.pdf, id=31, page=3, 614.295pt x 794.97pt>
File: lec22.pdf Graphic file (type pdf)
<use lec22.pdf, page 3>
Package pdftex.def Info: lec22.pdf , page3 used on input line 4.
(pdftex.def)             Requested size: 614.58406pt x 795.3441pt.
File: lec22.pdf Graphic file (type pdf)
<use lec22.pdf, page 3>
Package pdftex.def Info: lec22.pdf , page3 used on input line 4.
(pdftex.def)             Requested size: 614.58406pt x 795.3441pt.
File: lec22.pdf Graphic file (type pdf)
<use lec22.pdf, page 3>
Package pdftex.def Info: lec22.pdf , page3 used on input line 4.
(pdftex.def)             Requested size: 614.58406pt x 795.3441pt.
 [3 <../../documents/lectures/winter_2023/website_notes/online_rl/lec22.pdf>]
<lec22.pdf, id=35, page=4, 614.295pt x 794.97pt>
File: lec22.pdf Graphic file (type pdf)
<use lec22.pdf, page 4>
Package pdftex.def Info: lec22.pdf , page4 used on input line 4.
(pdftex.def)             Requested size: 614.58406pt x 795.3441pt.
File: lec22.pdf Graphic file (type pdf)
<use lec22.pdf, page 4>
Package pdftex.def Info: lec22.pdf , page4 used on input line 4.
(pdftex.def)             Requested size: 614.58406pt x 795.3441pt.
File: lec22.pdf Graphic file (type pdf)
<use lec22.pdf, page 4>
Package pdftex.def Info: lec22.pdf , page4 used on input line 4.
(pdftex.def)             Requested size: 614.58406pt x 795.3441pt.
 [4 <../../documents/lectures/winter_2023/website_notes/online_rl/lec22.pdf>]
<lec22.pdf, id=39, page=5, 614.295pt x 794.97pt>
File: lec22.pdf Graphic file (type pdf)
<use lec22.pdf, page 5>
Package pdftex.def Info: lec22.pdf , page5 used on input line 4.
(pdftex.def)             Requested size: 614.58406pt x 795.3441pt.
File: lec22.pdf Graphic file (type pdf)
<use lec22.pdf, page 5>
Package pdftex.def Info: lec22.pdf , page5 used on input line 4.
(pdftex.def)             Requested size: 614.58406pt x 795.3441pt.
File: lec22.pdf Graphic file (type pdf)
<use lec22.pdf, page 5>
Package pdftex.def Info: lec22.pdf , page5 used on input line 4.
(pdftex.def)             Requested size: 614.58406pt x 795.3441pt.
 [5 <../../documents/lectures/winter_2023/website_notes/online_rl/lec22.pdf>]
<lec23.pdf, id=43, 614.295pt x 794.97pt>
File: lec23.pdf Graphic file (type pdf)
<use lec23.pdf>
Package pdftex.def Info: lec23.pdf  used on input line 5.
(pdftex.def)             Requested size: 614.29349pt x 794.96806pt.
File: lec23.pdf Graphic file (type pdf)
<use lec23.pdf>
Package pdftex.def Info: lec23.pdf  used on input line 5.
(pdftex.def)             Requested size: 614.29349pt x 794.96806pt.
<lec23.pdf, id=46, page=1, 614.295pt x 794.97pt>
File: lec23.pdf Graphic file (type pdf)
<use lec23.pdf, page 1>
Package pdftex.def Info: lec23.pdf , page1 used on input line 5.
(pdftex.def)             Requested size: 614.29349pt x 794.96806pt.
File: lec23.pdf Graphic file (type pdf)
<use lec23.pdf, page 1>
Package pdftex.def Info: lec23.pdf , page1 used on input line 5.
(pdftex.def)             Requested size: 614.58406pt x 795.3441pt.
File: lec23.pdf Graphic file (type pdf)
<use lec23.pdf, page 1>
Package pdftex.def Info: lec23.pdf , page1 used on input line 5.
(pdftex.def)             Requested size: 614.58406pt x 795.3441pt.
File: lec23.pdf Graphic file (type pdf)
<use lec23.pdf, page 1>
Package pdftex.def Info: lec23.pdf , page1 used on input line 5.
(pdftex.def)             Requested size: 614.58406pt x 795.3441pt.
File: lec23.pdf Graphic file (type pdf)
<use lec23.pdf, page 1>
Package pdftex.def Info: lec23.pdf , page1 used on input line 5.
(pdftex.def)             Requested size: 614.58406pt x 795.3441pt.
 [6 <../../documents/lectures/winter_2023/website_notes/online_rl/lec23.pdf>]
<lec23.pdf, id=196, page=2, 614.295pt x 794.97pt>
File: lec23.pdf Graphic file (type pdf)
<use lec23.pdf, page 2>
Package pdftex.def Info: lec23.pdf , page2 used on input line 5.
(pdftex.def)             Requested size: 614.58406pt x 795.3441pt.
File: lec23.pdf Graphic file (type pdf)
<use lec23.pdf, page 2>
Package pdftex.def Info: lec23.pdf , page2 used on input line 5.
(pdftex.def)             Requested size: 614.58406pt x 795.3441pt.
File: lec23.pdf Graphic file (type pdf)
<use lec23.pdf, page 2>
Package pdftex.def Info: lec23.pdf , page2 used on input line 5.
(pdftex.def)             Requested size: 614.58406pt x 795.3441pt.
 [7 <../../documents/lectures/winter_2023/website_notes/online_rl/lec23.pdf>]
<lec23.pdf, id=211, page=3, 614.295pt x 794.97pt>
File: lec23.pdf Graphic file (type pdf)
<use lec23.pdf, page 3>
Package pdftex.def Info: lec23.pdf , page3 used on input line 5.
(pdftex.def)             Requested size: 614.58406pt x 795.3441pt.
File: lec23.pdf Graphic file (type pdf)
<use lec23.pdf, page 3>
Package pdftex.def Info: lec23.pdf , page3 used on input line 5.
(pdftex.def)             Requested size: 614.58406pt x 795.3441pt.
File: lec23.pdf Graphic file (type pdf)
<use lec23.pdf, page 3>
Package pdftex.def Info: lec23.pdf , page3 used on input line 5.
(pdftex.def)             Requested size: 614.58406pt x 795.3441pt.
 [8 <../../documents/lectures/winter_2023/website_notes/online_rl/lec23.pdf>]
<lec23.pdf, id=227, page=4, 614.295pt x 794.97pt>
File: lec23.pdf Graphic file (type pdf)
<use lec23.pdf, page 4>
Package pdftex.def Info: lec23.pdf , page4 used on input line 5.
(pdftex.def)             Requested size: 614.58406pt x 795.3441pt.
File: lec23.pdf Graphic file (type pdf)
<use lec23.pdf, page 4>
Package pdftex.def Info: lec23.pdf , page4 used on input line 5.
(pdftex.def)             Requested size: 614.58406pt x 795.3441pt.
File: lec23.pdf Graphic file (type pdf)
<use lec23.pdf, page 4>
Package pdftex.def Info: lec23.pdf , page4 used on input line 5.
(pdftex.def)             Requested size: 614.58406pt x 795.3441pt.
 [9 <../../documents/lectures/winter_2023/website_notes/online_rl/lec23.pdf>]
<lec23.pdf, id=236, page=5, 614.295pt x 794.97pt>
File: lec23.pdf Graphic file (type pdf)
<use lec23.pdf, page 5>
Package pdftex.def Info: lec23.pdf , page5 used on input line 5.
(pdftex.def)             Requested size: 614.58406pt x 795.3441pt.
File: lec23.pdf Graphic file (type pdf)
<use lec23.pdf, page 5>
Package pdftex.def Info: lec23.pdf , page5 used on input line 5.
(pdftex.def)             Requested size: 614.58406pt x 795.3441pt.
File: lec23.pdf Graphic file (type pdf)
<use lec23.pdf, page 5>
Package pdftex.def Info: lec23.pdf , page5 used on input line 5.
(pdftex.def)             Requested size: 614.58406pt x 795.3441pt.
 [10 <../../documents/lectures/winter_2023/website_notes/online_rl/lec23.pdf>]
<lec23.pdf, id=251, page=6, 614.295pt x 794.97pt>
File: lec23.pdf Graphic file (type pdf)
<use lec23.pdf, page 6>
Package pdftex.def Info: lec23.pdf , page6 used on input line 5.
(pdftex.def)             Requested size: 614.58406pt x 795.3441pt.
File: lec23.pdf Graphic file (type pdf)
<use lec23.pdf, page 6>
Package pdftex.def Info: lec23.pdf , page6 used on input line 5.
(pdftex.def)             Requested size: 614.58406pt x 795.3441pt.
File: lec23.pdf Graphic file (type pdf)
<use lec23.pdf, page 6>
Package pdftex.def Info: lec23.pdf , page6 used on input line 5.
(pdftex.def)             Requested size: 614.58406pt x 795.3441pt.
 [11 <../../documents/lectures/winter_2023/website_notes/online_rl/lec23.pdf>]
<lec23.pdf, id=255, page=7, 614.295pt x 794.97pt>
File: lec23.pdf Graphic file (type pdf)
<use lec23.pdf, page 7>
Package pdftex.def Info: lec23.pdf , page7 used on input line 5.
(pdftex.def)             Requested size: 614.58406pt x 795.3441pt.
File: lec23.pdf Graphic file (type pdf)
<use lec23.pdf, page 7>
Package pdftex.def Info: lec23.pdf , page7 used on input line 5.
(pdftex.def)             Requested size: 614.58406pt x 795.3441pt.
File: lec23.pdf Graphic file (type pdf)
<use lec23.pdf, page 7>
Package pdftex.def Info: lec23.pdf , page7 used on input line 5.
(pdftex.def)             Requested size: 614.58406pt x 795.3441pt.
 [12 <../../documents/lectures/winter_2023/website_notes/online_rl/lec23.pdf>]
<lec23.pdf, id=259, page=8, 614.295pt x 794.97pt>
File: lec23.pdf Graphic file (type pdf)
<use lec23.pdf, page 8>
Package pdftex.def Info: lec23.pdf , page8 used on input line 5.
(pdftex.def)             Requested size: 614.58406pt x 795.3441pt.
File: lec23.pdf Graphic file (type pdf)
<use lec23.pdf, page 8>
Package pdftex.def Info: lec23.pdf , page8 used on input line 5.
(pdftex.def)             Requested size: 614.58406pt x 795.3441pt.
File: lec23.pdf Graphic file (type pdf)
<use lec23.pdf, page 8>
Package pdftex.def Info: lec23.pdf , page8 used on input line 5.
(pdftex.def)             Requested size: 614.58406pt x 795.3441pt.
 [13 <../../documents/lectures/winter_2023/website_notes/online_rl/lec23.pdf>]
<lec23.pdf, id=264, page=9, 614.295pt x 794.97pt>
File: lec23.pdf Graphic file (type pdf)
<use lec23.pdf, page 9>
Package pdftex.def Info: lec23.pdf , page9 used on input line 5.
(pdftex.def)             Requested size: 614.58406pt x 795.3441pt.
File: lec23.pdf Graphic file (type pdf)
<use lec23.pdf, page 9>
Package pdftex.def Info: lec23.pdf , page9 used on input line 5.
(pdftex.def)             Requested size: 614.58406pt x 795.3441pt.
File: lec23.pdf Graphic file (type pdf)
<use lec23.pdf, page 9>
Package pdftex.def Info: lec23.pdf , page9 used on input line 5.
(pdftex.def)             Requested size: 614.58406pt x 795.3441pt.
 [14 <../../documents/lectures/winter_2023/website_notes/online_rl/lec23.pdf>]
<lec23.pdf, id=268, page=10, 614.295pt x 794.97pt>
File: lec23.pdf Graphic file (type pdf)
<use lec23.pdf, page 10>
Package pdftex.def Info: lec23.pdf , page10 used on input line 5.
(pdftex.def)             Requested size: 614.58406pt x 795.3441pt.
File: lec23.pdf Graphic file (type pdf)
<use lec23.pdf, page 10>
Package pdftex.def Info: lec23.pdf , page10 used on input line 5.
(pdftex.def)             Requested size: 614.58406pt x 795.3441pt.
File: lec23.pdf Graphic file (type pdf)
<use lec23.pdf, page 10>
Package pdftex.def Info: lec23.pdf , page10 used on input line 5.
(pdftex.def)             Requested size: 614.58406pt x 795.3441pt.
 [15 <../../documents/lectures/winter_2023/website_notes/online_rl/lec23.pdf>]
<lec23.pdf, id=272, page=11, 614.295pt x 794.97pt>
File: lec23.pdf Graphic file (type pdf)
<use lec23.pdf, page 11>
Package pdftex.def Info: lec23.pdf , page11 used on input line 5.
(pdftex.def)             Requested size: 614.58406pt x 795.3441pt.
File: lec23.pdf Graphic file (type pdf)
<use lec23.pdf, page 11>
Package pdftex.def Info: lec23.pdf , page11 used on input line 5.
(pdftex.def)             Requested size: 614.58406pt x 795.3441pt.
File: lec23.pdf Graphic file (type pdf)
<use lec23.pdf, page 11>
Package pdftex.def Info: lec23.pdf , page11 used on input line 5.
(pdftex.def)             Requested size: 614.58406pt x 795.3441pt.
 [16 <../../documents/lectures/winter_2023/website_notes/online_rl/lec23.pdf>]
<lec24.pdf, id=276, 614.295pt x 794.97pt>
File: lec24.pdf Graphic file (type pdf)
<use lec24.pdf>
Package pdftex.def Info: lec24.pdf  used on input line 6.
(pdftex.def)             Requested size: 614.29349pt x 794.96806pt.
File: lec24.pdf Graphic file (type pdf)
<use lec24.pdf>
Package pdftex.def Info: lec24.pdf  used on input line 6.
(pdftex.def)             Requested size: 614.29349pt x 794.96806pt.
<lec24.pdf, id=279, page=1, 614.295pt x 794.97pt>
File: lec24.pdf Graphic file (type pdf)
<use lec24.pdf, page 1>
Package pdftex.def Info: lec24.pdf , page1 used on input line 6.
(pdftex.def)             Requested size: 614.29349pt x 794.96806pt.
File: lec24.pdf Graphic file (type pdf)
<use lec24.pdf, page 1>
Package pdftex.def Info: lec24.pdf , page1 used on input line 6.
(pdftex.def)             Requested size: 614.58406pt x 795.3441pt.
File: lec24.pdf Graphic file (type pdf)
<use lec24.pdf, page 1>
Package pdftex.def Info: lec24.pdf , page1 used on input line 6.
(pdftex.def)             Requested size: 614.58406pt x 795.3441pt.
File: lec24.pdf Graphic file (type pdf)
<use lec24.pdf, page 1>
Package pdftex.def Info: lec24.pdf , page1 used on input line 6.
(pdftex.def)             Requested size: 614.58406pt x 795.3441pt.
File: lec24.pdf Graphic file (type pdf)
<use lec24.pdf, page 1>
Package pdftex.def Info: lec24.pdf , page1 used on input line 6.
(pdftex.def)             Requested size: 614.58406pt x 795.3441pt.
 [17 <../../documents/lectures/winter_2023/website_notes/online_rl/lec24.pdf>]
<lec24.pdf, id=417, page=2, 614.295pt x 794.97pt>
File: lec24.pdf Graphic file (type pdf)
<use lec24.pdf, page 2>
Package pdftex.def Info: lec24.pdf , page2 used on input line 6.
(pdftex.def)             Requested size: 614.58406pt x 795.3441pt.
File: lec24.pdf Graphic file (type pdf)
<use lec24.pdf, page 2>
Package pdftex.def Info: lec24.pdf , page2 used on input line 6.
(pdftex.def)             Requested size: 614.58406pt x 795.3441pt.
File: lec24.pdf Graphic file (type pdf)
<use lec24.pdf, page 2>
Package pdftex.def Info: lec24.pdf , page2 used on input line 6.
(pdftex.def)             Requested size: 614.58406pt x 795.3441pt.
 [18 <../../documents/lectures/winter_2023/website_notes/online_rl/lec24.pdf>]
<lec24.pdf, id=441, page=3, 614.295pt x 794.97pt>
File: lec24.pdf Graphic file (type pdf)
<use lec24.pdf, page 3>
Package pdftex.def Info: lec24.pdf , page3 used on input line 6.
(pdftex.def)             Requested size: 614.58406pt x 795.3441pt.
File: lec24.pdf Graphic file (type pdf)
<use lec24.pdf, page 3>
Package pdftex.def Info: lec24.pdf , page3 used on input line 6.
(pdftex.def)             Requested size: 614.58406pt x 795.3441pt.
File: lec24.pdf Graphic file (type pdf)
<use lec24.pdf, page 3>
Package pdftex.def Info: lec24.pdf , page3 used on input line 6.
(pdftex.def)             Requested size: 614.58406pt x 795.3441pt.
 [19 <../../documents/lectures/winter_2023/website_notes/online_rl/lec24.pdf>]
<lec24.pdf, id=446, page=4, 614.295pt x 794.97pt>
File: lec24.pdf Graphic file (type pdf)
<use lec24.pdf, page 4>
Package pdftex.def Info: lec24.pdf , page4 used on input line 6.
(pdftex.def)             Requested size: 614.58406pt x 795.3441pt.
File: lec24.pdf Graphic file (type pdf)
<use lec24.pdf, page 4>
Package pdftex.def Info: lec24.pdf , page4 used on input line 6.
(pdftex.def)             Requested size: 614.58406pt x 795.3441pt.
File: lec24.pdf Graphic file (type pdf)
<use lec24.pdf, page 4>
Package pdftex.def Info: lec24.pdf , page4 used on input line 6.
(pdftex.def)             Requested size: 614.58406pt x 795.3441pt.
 [20 <../../documents/lectures/winter_2023/website_notes/online_rl/lec24.pdf>]
<lec24.pdf, id=450, page=5, 614.295pt x 794.97pt>
File: lec24.pdf Graphic file (type pdf)
<use lec24.pdf, page 5>
Package pdftex.def Info: lec24.pdf , page5 used on input line 6.
(pdftex.def)             Requested size: 614.58406pt x 795.3441pt.
File: lec24.pdf Graphic file (type pdf)
<use lec24.pdf, page 5>
Package pdftex.def Info: lec24.pdf , page5 used on input line 6.
(pdftex.def)             Requested size: 614.58406pt x 795.3441pt.
File: lec24.pdf Graphic file (type pdf)
<use lec24.pdf, page 5>
Package pdftex.def Info: lec24.pdf , page5 used on input line 6.
(pdftex.def)             Requested size: 614.58406pt x 795.3441pt.
 [21 <../../documents/lectures/winter_2023/website_notes/online_rl/lec24.pdf>]
<lec24.pdf, id=461, page=6, 614.295pt x 794.97pt>
File: lec24.pdf Graphic file (type pdf)
<use lec24.pdf, page 6>
Package pdftex.def Info: lec24.pdf , page6 used on input line 6.
(pdftex.def)             Requested size: 614.58406pt x 795.3441pt.
File: lec24.pdf Graphic file (type pdf)
<use lec24.pdf, page 6>
Package pdftex.def Info: lec24.pdf , page6 used on input line 6.
(pdftex.def)             Requested size: 614.58406pt x 795.3441pt.
File: lec24.pdf Graphic file (type pdf)
<use lec24.pdf, page 6>
Package pdftex.def Info: lec24.pdf , page6 used on input line 6.
(pdftex.def)             Requested size: 614.58406pt x 795.3441pt.
 [22 <../../documents/lectures/winter_2023/website_notes/online_rl/lec24.pdf>]
<lec24.pdf, id=472, page=7, 614.295pt x 794.97pt>
File: lec24.pdf Graphic file (type pdf)
<use lec24.pdf, page 7>
Package pdftex.def Info: lec24.pdf , page7 used on input line 6.
(pdftex.def)             Requested size: 614.58406pt x 795.3441pt.
File: lec24.pdf Graphic file (type pdf)
<use lec24.pdf, page 7>
Package pdftex.def Info: lec24.pdf , page7 used on input line 6.
(pdftex.def)             Requested size: 614.58406pt x 795.3441pt.
File: lec24.pdf Graphic file (type pdf)
<use lec24.pdf, page 7>
Package pdftex.def Info: lec24.pdf , page7 used on input line 6.
(pdftex.def)             Requested size: 614.58406pt x 795.3441pt.
 [23 <../../documents/lectures/winter_2023/website_notes/online_rl/lec24.pdf>]
<lec24.pdf, id=476, page=8, 614.295pt x 794.97pt>
File: lec24.pdf Graphic file (type pdf)
<use lec24.pdf, page 8>
Package pdftex.def Info: lec24.pdf , page8 used on input line 6.
(pdftex.def)             Requested size: 614.58406pt x 795.3441pt.
File: lec24.pdf Graphic file (type pdf)
<use lec24.pdf, page 8>
Package pdftex.def Info: lec24.pdf , page8 used on input line 6.
(pdftex.def)             Requested size: 614.58406pt x 795.3441pt.
File: lec24.pdf Graphic file (type pdf)
<use lec24.pdf, page 8>
Package pdftex.def Info: lec24.pdf , page8 used on input line 6.
(pdftex.def)             Requested size: 614.58406pt x 795.3441pt.
 [24 <../../documents/lectures/winter_2023/website_notes/online_rl/lec24.pdf>]
<lec24.pdf, id=480, page=9, 614.295pt x 794.97pt>
File: lec24.pdf Graphic file (type pdf)
<use lec24.pdf, page 9>
Package pdftex.def Info: lec24.pdf , page9 used on input line 6.
(pdftex.def)             Requested size: 614.58406pt x 795.3441pt.
File: lec24.pdf Graphic file (type pdf)
<use lec24.pdf, page 9>
Package pdftex.def Info: lec24.pdf , page9 used on input line 6.
(pdftex.def)             Requested size: 614.58406pt x 795.3441pt.
File: lec24.pdf Graphic file (type pdf)
<use lec24.pdf, page 9>
Package pdftex.def Info: lec24.pdf , page9 used on input line 6.
(pdftex.def)             Requested size: 614.58406pt x 795.3441pt.
 [25 <../../documents/lectures/winter_2023/website_notes/online_rl/lec24.pdf>]
<lec24.pdf, id=490, page=10, 614.295pt x 794.97pt>
File: lec24.pdf Graphic file (type pdf)
<use lec24.pdf, page 10>
Package pdftex.def Info: lec24.pdf , page10 used on input line 6.
(pdftex.def)             Requested size: 614.58406pt x 795.3441pt.
File: lec24.pdf Graphic file (type pdf)
<use lec24.pdf, page 10>
Package pdftex.def Info: lec24.pdf , page10 used on input line 6.
(pdftex.def)             Requested size: 614.58406pt x 795.3441pt.
File: lec24.pdf Graphic file (type pdf)
<use lec24.pdf, page 10>
Package pdftex.def Info: lec24.pdf , page10 used on input line 6.
(pdftex.def)             Requested size: 614.58406pt x 795.3441pt.
 [26 <../../documents/lectures/winter_2023/website_notes/online_rl/lec24.pdf>]
(../../documents/lectures/winter_2023/website_notes/online_rl/joint_notes.aux) 
) 
Here is how much of TeX's memory you used:
 2574 strings out of 478994
 39182 string characters out of 5858184
 328892 words of memory out of 5000000
 20070 multiletter control sequences out of 15000+600000
 403430 words of font info for 27 fonts, out of 8000000 for 9000
 1141 hyphenation exceptions out of 8191
 83i,17n,88p,305b,424s stack positions out of 5000i,500n,10000p,200000b,80000s

Output written on ../../documents/lectures/winter_2023/website_notes/online_rl/
joint_notes.pdf (26 pages, 330971 bytes).
PDF statistics:
 497 PDF objects out of 1000 (max. 8388607)
 132 compressed objects within 2 object streams
 0 named destinations out of 1000 (max. 500000)
 176 words of extra memory for PDF output out of 10000 (max. 10000000)

